<?xml version="1.0" encoding="UTF-8"?>
<!-- Generated by org.testng.reporters.JUnitReportReporter -->
<testsuite hostname="DESKTOP-5BL66H4" failures="0" tests="2" name="TestNG.TestNG.ParallelTesting" time="20.438" errors="0" timestamp="2022-12-06T19:54:15 IST" skipped="0">
  <testcase classname="TestNG.TestNG.ParallelTesting" name="verifyTitle" time="8.281"/>
  <system-out/>
  <testcase classname="TestNG.TestNG.ParallelTesting" name="verifyLogo" time="12.157"/>
  <system-out/>
</testsuite> <!-- TestNG.TestNG.ParallelTesting -->
