<?xml version="1.0" encoding="UTF-8"?>
<!-- Generated by org.testng.reporters.JUnitReportReporter -->
<testsuite hostname="DESKTOP-5BL66H4" failures="0" tests="2" name="TestNG.TestNG.TestNGExample" time="0.023" errors="0" timestamp="2022-11-26T19:53:12 IST" skipped="0">
  <testcase classname="TestNG.TestNG.TestNGExample" name="test2" time="0.005"/>
  <system-out/>
  <testcase classname="TestNG.TestNG.TestNGExample" name="test1" time="0.018"/>
  <system-out/>
</testsuite> <!-- TestNG.TestNG.TestNGExample -->
