<?xml version="1.0" encoding="UTF-8"?>
<!-- Generated by org.testng.reporters.JUnitReportReporter -->
<testsuite hostname="DESKTOP-5BL66H4" failures="0" tests="1" name="TestNGReportsDemo.TestNGReportClassExample" time="16.281" errors="0" timestamp="2023-04-01T13:09:46 IST" skipped="0">
  <testcase classname="TestNGReportsDemo.TestNGReportClassExample" name="googleSearch" time="16.281"/>
  <system-out>
    <![CDATA[Chrome Browser launched.........
Google URL opened...........
Entered required Value...........
Pressed on enter key............
Closing browser................]]>
  </system-out>
</testsuite> <!-- TestNGReportsDemo.TestNGReportClassExample -->
