<?xml version="1.0" encoding="UTF-8"?>
<!-- Generated by org.testng.reporters.JUnitReportReporter -->
<testsuite hostname="DESKTOP-5BL66H4" failures="0" tests="2" name="TestNG.TestNG.CurrentACTestClass2" time="0.020" errors="0" timestamp="2022-11-27T17:28:04 IST" skipped="0">
  <testcase classname="TestNG.TestNG.CurrentACTestClass2" name="testcase1" time="0.018"/>
  <system-out/>
  <testcase classname="TestNG.TestNG.CurrentACTestClass2" name="testcase2" time="0.002"/>
  <system-out/>
</testsuite> <!-- TestNG.TestNG.CurrentACTestClass2 -->
