<?xml version="1.0" encoding="UTF-8"?>
<!-- Generated by org.testng.reporters.JUnitReportReporter -->
<testsuite hostname="DESKTOP-5BL66H4" failures="0" tests="2" name="TestNG.TestNG.CurrentACTestClass1" time="0.006" errors="0" timestamp="2022-11-27T17:28:04 IST" skipped="0">
  <testcase classname="TestNG.TestNG.CurrentACTestClass1" name="testcase1" time="0.001"/>
  <system-out/>
  <testcase classname="TestNG.TestNG.CurrentACTestClass1" name="testcase2" time="0.005"/>
  <system-out/>
</testsuite> <!-- TestNG.TestNG.CurrentACTestClass1 -->
