<?xml version="1.0" encoding="UTF-8"?>
<!-- Generated by org.testng.reporters.JUnitReportReporter -->
<testsuite hostname="DESKTOP-5BL66H4" failures="0" tests="3" name="BatchTesting.ProductPageTest" time="0.042" errors="0" timestamp="2022-12-09T11:17:00 IST" skipped="0">
  <testcase classname="BatchTesting.ProductPageTest" name="AddProductToWishlist" time="0.031"/>
  <system-out/>
  <testcase classname="BatchTesting.ProductPageTest" name="SelectQuantity" time="0.006"/>
  <system-out/>
  <testcase classname="BatchTesting.ProductPageTest" name="AddProductToCart" time="0.005"/>
  <system-out/>
</testsuite> <!-- BatchTesting.ProductPageTest -->
