<?xml version="1.0" encoding="UTF-8"?>
<!-- Generated by org.testng.reporters.JUnitReportReporter -->
<testsuite hostname="DESKTOP-5BL66H4" failures="0" tests="2" name="TestNG.TestNG.Annotations" time="0.022" errors="0" timestamp="2022-11-28T22:11:20 IST" skipped="0">
  <testcase classname="TestNG.TestNG.Annotations" name="test1" time="0.016"/>
  <system-out/>
  <testcase classname="TestNG.TestNG.Annotations" name="test2" time="0.006"/>
  <system-out/>
</testsuite> <!-- TestNG.TestNG.Annotations -->
