<?xml version="1.0" encoding="UTF-8"?>
<!-- Generated by org.testng.reporters.JUnitReportReporter -->
<testsuite hostname="DESKTOP-5BL66H4" failures="0" tests="4" name="TestNG.TestNG.Annotation_GroupAttributes" time="0.042" errors="0" timestamp="2022-11-30T17:43:26 IST" skipped="0">
  <testcase classname="TestNG.TestNG.Annotation_GroupAttributes" name="tata" time="0.002"/>
  <system-out/>
  <testcase classname="TestNG.TestNG.Annotation_GroupAttributes" name="maruti" time="0.001"/>
  <system-out/>
  <testcase classname="TestNG.TestNG.Annotation_GroupAttributes" name="wipro" time="0.004"/>
  <system-out/>
  <testcase classname="TestNG.TestNG.Annotation_GroupAttributes" name="infosys" time="0.035"/>
  <system-out/>
</testsuite> <!-- TestNG.TestNG.Annotation_GroupAttributes -->
