<?xml version="1.0" encoding="UTF-8"?>
<!-- Generated by org.testng.reporters.JUnitReportReporter -->
<testsuite hostname="DESKTOP-5BL66H4" failures="0" tests="2" name="TestNG.TestNG.Annotations_2" time="0.006" errors="0" timestamp="2022-11-28T22:11:20 IST" skipped="0">
  <testcase classname="TestNG.TestNG.Annotations_2" name="test3" time="0.001"/>
  <system-out/>
  <testcase classname="TestNG.TestNG.Annotations_2" name="test4" time="0.005"/>
  <system-out/>
</testsuite> <!-- TestNG.TestNG.Annotations_2 -->
