<?xml version="1.0" encoding="UTF-8"?>
<!-- Generated by org.testng.reporters.JUnitReportReporter -->
<testsuite hostname="DESKTOP-5BL66H4" failures="0" tests="3" name="TestNG.TestNG.Annotation_Attributes" time="0.019" errors="0" timestamp="2022-11-29T14:21:08 IST" skipped="1">
  <testcase classname="TestNG.TestNG.Annotation_Attributes" name="testCase2" time="0.016"/>
  <system-out/>
  <testcase classname="TestNG.TestNG.Annotation_Attributes" name="testCase3" time="0.003"/>
  <system-out/>
  <testcase classname="TestNG.TestNG.Annotation_Attributes" name="testCase1">
    <skipped/>
  </testcase> <!-- testCase1 -->
  <system-out/>
</testsuite> <!-- TestNG.TestNG.Annotation_Attributes -->
