<?xml version="1.0" encoding="UTF-8"?>
<!-- Generated by org.testng.reporters.JUnitReportReporter -->
<testsuite hostname="DESKTOP-5BL66H4" failures="0" tests="4" name="TestNGReportsDemo.TestNGReportsExample" time="0.045" errors="0" timestamp="2023-04-01T12:24:58 IST" skipped="0">
  <testcase classname="TestNGReportsDemo.TestNGReportsExample" name="testMethod1" time="0.018"/>
  <system-out/>
  <testcase classname="TestNGReportsDemo.TestNGReportsExample" name="testMethod3" time="0.002"/>
  <system-out/>
  <testcase classname="TestNGReportsDemo.TestNGReportsExample" name="testMethod4" time="0.023"/>
  <system-out/>
  <testcase classname="TestNGReportsDemo.TestNGReportsExample" name="testMethod2" time="0.002"/>
  <system-out/>
</testsuite> <!-- TestNGReportsDemo.TestNGReportsExample -->
