<?xml version="1.0" encoding="UTF-8"?>
<!-- Generated by org.testng.reporters.JUnitReportReporter -->
<testsuite hostname="DESKTOP-5BL66H4" failures="0" tests="3" name="BatchTesting.HomeScreenTest" time="0.009" errors="0" timestamp="2022-12-09T11:17:00 IST" skipped="0">
  <testcase classname="BatchTesting.HomeScreenTest" name="VerifyLogo" time="0.004"/>
  <system-out/>
  <testcase classname="BatchTesting.HomeScreenTest" name="LaunchApplication" time="0.003"/>
  <system-out/>
  <testcase classname="BatchTesting.HomeScreenTest" name="VerifyTitle" time="0.002"/>
  <system-out/>
</testsuite> <!-- BatchTesting.HomeScreenTest -->
