<?xml version="1.0" encoding="UTF-8"?>
<!-- Generated by org.testng.reporters.JUnitReportReporter -->
<testsuite hostname="DESKTOP-5BL66H4" failures="0" tests="2" name="TestNG.TestNG.DataProviderWithExel" time="19.989" errors="0" timestamp="2023-03-31T13:36:45 IST" skipped="0">
  <testcase classname="TestNG.TestNG.DataProviderWithExel" name="searchKeyword" time="7.782"/>
  <system-out/>
  <testcase classname="TestNG.TestNG.DataProviderWithExel" name="searchKeyword" time="12.207"/>
  <system-out/>
</testsuite> <!-- TestNG.TestNG.DataProviderWithExel -->
