<?xml version="1.0" encoding="UTF-8"?>
<!-- Generated by org.testng.reporters.JUnitReportReporter -->
<testsuite hostname="DESKTOP-5BL66H4" failures="0" tests="2" name="TestNG.TestNG.TestNGParameterGoogleSearch" time="14.464" errors="0" timestamp="2022-11-30T22:41:45 IST" skipped="0">
  <testcase classname="TestNG.TestNG.TestNGParameterGoogleSearch" name="googleSearch" time="8.364"/>
  <system-out/>
  <testcase classname="TestNG.TestNG.TestNGParameterGoogleSearch" name="googleSearch" time="6.100"/>
  <system-out/>
</testsuite> <!-- TestNG.TestNG.TestNGParameterGoogleSearch -->
