<?xml version="1.0" encoding="UTF-8"?>
<!-- Generated by org.testng.reporters.JUnitReportReporter -->
<testsuite hostname="DESKTOP-5BL66H4" failures="0" tests="4" name="TestNG.TestNG.TestNG_Parameters_Demo" time="0.035" errors="0" timestamp="2022-11-30T22:22:33 IST" skipped="0">
  <testcase classname="TestNG.TestNG.TestNG_Parameters_Demo" name="add" time="0.024"/>
  <system-out/>
  <testcase classname="TestNG.TestNG.TestNG_Parameters_Demo" name="multiplication" time="0.005"/>
  <system-out/>
  <testcase classname="TestNG.TestNG.TestNG_Parameters_Demo" name="substraction" time="0.003"/>
  <system-out/>
  <testcase classname="TestNG.TestNG.TestNG_Parameters_Demo" name="division" time="0.003"/>
  <system-out/>
</testsuite> <!-- TestNG.TestNG.TestNG_Parameters_Demo -->
