<?xml version="1.0" encoding="UTF-8"?>
<!-- Generated by org.testng.reporters.JUnitReportReporter -->
<testsuite hostname="DESKTOP-5BL66H4" failures="0" tests="2" name="BatchTesting.LoginTest" time="0.021" errors="0" timestamp="2022-12-09T11:17:00 IST" skipped="0">
  <testcase classname="BatchTesting.LoginTest" name="LoginByMail" time="0.018"/>
  <system-out/>
  <testcase classname="BatchTesting.LoginTest" name="LoginByMoblieNumber" time="0.003"/>
  <system-out/>
</testsuite> <!-- BatchTesting.LoginTest -->
