<?xml version="1.0" encoding="UTF-8"?>
<!-- Generated by org.testng.reporters.JUnitReportReporter -->
<testsuite hostname="DESKTOP-5BL66H4" failures="0" tests="8" name="TestNG.TestNG.InvocationCount" time="0.032" errors="0" timestamp="2022-12-09T15:08:44 IST" skipped="0">
  <testcase classname="TestNG.TestNG.InvocationCount" name="testMethod1" time="0.003"/>
  <system-out/>
  <testcase classname="TestNG.TestNG.InvocationCount" name="testMethod1" time="0.016"/>
  <system-out/>
  <testcase classname="TestNG.TestNG.InvocationCount" name="testMethod2" time="0.003"/>
  <system-out/>
  <testcase classname="TestNG.TestNG.InvocationCount" name="testMethod2" time="0.001"/>
  <system-out/>
  <testcase classname="TestNG.TestNG.InvocationCount" name="testMethod1" time="0.003"/>
  <system-out/>
  <testcase classname="TestNG.TestNG.InvocationCount" name="testMethod1" time="0.002"/>
  <system-out/>
  <testcase classname="TestNG.TestNG.InvocationCount" name="testMethod1" time="0.002"/>
  <system-out/>
  <testcase classname="TestNG.TestNG.InvocationCount" name="testMethod2" time="0.002"/>
  <system-out/>
</testsuite> <!-- TestNG.TestNG.InvocationCount -->
