<?xml version="1.0" encoding="UTF-8"?>
<!-- Generated by org.testng.reporters.JUnitReportReporter -->
<testsuite hostname="DESKTOP-5BL66H4" failures="0" tests="2" name="BatchTesting.PaymentTest" time="0.056" errors="0" timestamp="2022-12-09T11:17:00 IST" skipped="0">
  <testcase classname="BatchTesting.PaymentTest" name="NetBanking" time="0.048"/>
  <system-out/>
  <testcase classname="BatchTesting.PaymentTest" name="CashOnDelivery" time="0.008"/>
  <system-out/>
</testsuite> <!-- BatchTesting.PaymentTest -->
