<?xml version="1.0" encoding="UTF-8"?>
<!-- Generated by org.testng.reporters.JUnitReportReporter -->
<testsuite hostname="DESKTOP-5BL66H4" failures="0" tests="1" name="TestNG.TestNG.Automobile_Parameters" time="0.018" errors="0" timestamp="2022-11-30T22:36:25 IST" skipped="0">
  <testcase classname="TestNG.TestNG.Automobile_Parameters" name="testCase1" time="0.018"/>
  <system-out/>
</testsuite> <!-- TestNG.TestNG.Automobile_Parameters -->
