<?xml version="1.0" encoding="UTF-8"?>
<!-- Generated by org.testng.reporters.JUnitReportReporter -->
<testsuite hostname="DESKTOP-5BL66H4" failures="0" tests="3" name="TestNG.TestNG.DataProviders" time="86.815" errors="0" timestamp="2022-12-03T12:59:27 IST" skipped="0">
  <testcase classname="TestNG.TestNG.DataProviders" name="DataProviders_Googlesearch" time="35.088"/>
  <system-out/>
  <testcase classname="TestNG.TestNG.DataProviders" name="DataProviders_Googlesearch" time="31.924"/>
  <system-out/>
  <testcase classname="TestNG.TestNG.DataProviders" name="DataProviders_Googlesearch" time="19.803"/>
  <system-out/>
</testsuite> <!-- TestNG.TestNG.DataProviders -->
