<?xml version="1.0" encoding="UTF-8"?>
<!-- Generated by org.testng.reporters.JUnitReportReporter -->
<testsuite hostname="DESKTOP-5BL66H4" failures="0" tests="2" name="TestNG.TestNG.LoanDepartment" time="0.022" errors="0" timestamp="2022-11-27T21:46:54 IST" skipped="0">
  <testcase classname="TestNG.TestNG.LoanDepartment" name="MobileLoginPersonalLoan" time="0.004"/>
  <system-out/>
  <testcase classname="TestNG.TestNG.LoanDepartment" name="MobileLoginAutomobileLoan" time="0.018"/>
  <system-out/>
</testsuite> <!-- TestNG.TestNG.LoanDepartment -->
