<?xml version="1.0" encoding="UTF-8"?>
<!-- Generated by org.testng.reporters.JUnitReportReporter -->
<testsuite hostname="DESKTOP-5BL66H4" failures="0" tests="1" name="TestNG.TestNG.ParallelTesting2" time="12.544" errors="0" timestamp="2022-12-06T19:54:15 IST" skipped="0">
  <testcase classname="TestNG.TestNG.ParallelTesting2" name="verifyLogin" time="12.544"/>
  <system-out/>
</testsuite> <!-- TestNG.TestNG.ParallelTesting2 -->
